<?xml version="1.0" encoding="UTF-8"?>
<!-- Generated by org.testng.reporters.JUnitReportReporter -->
<testsuite hostname="DESKTOP-6ST94J7" failures="0" tests="1" name="explicitWaits.BasicWaitCommands" time="0.720" errors="0" timestamp="2021-05-19T15:25:17 EDT" skipped="0">
  <testcase classname="explicitWaits.BasicWaitCommands" name="zipCodeUsingCss" time="0.720"/>
</testsuite> <!-- explicitWaits.BasicWaitCommands -->
